<?xml version="1.0" encoding="UTF-8"?>
<testsuite xmlns:xsi="http://www.w3.org/2001/XMLSchema-instance" xsi:noNamespaceSchemaLocation="https://maven.apache.org/surefire/maven-surefire-plugin/xsd/surefire-test-report.xsd" name="com.phoenixhell.serviceVod.TestVod" time="42.039" tests="3" errors="0" skipped="0" failures="0">
  <properties>
    <property name="sun.desktop" value="windows"/>
    <property name="awt.toolkit" value="sun.awt.windows.WToolkit"/>
    <property name="file.encoding.pkg" value="sun.io"/>
    <property name="java.specification.version" value="1.8"/>
    <property name="sun.cpu.isalist" value="amd64"/>
    <property name="sun.jnu.encoding" value="GBK"/>
    <property name="java.class.path" value="E:\online-teaching\service\service-vod\target\test-classes;E:\online-teaching\service\service-vod\target\classes;E:\maven\repmaven\com\aliyun\aliyun-java-sdk-core\4.5.1\aliyun-java-sdk-core-4.5.1.jar;E:\maven\repmaven\org\apache\httpcomponents\httpcore\4.4.12\httpcore-4.4.12.jar;E:\maven\repmaven\commons-logging\commons-logging\1.2\commons-logging-1.2.jar;E:\maven\repmaven\javax\xml\bind\jaxb-api\2.3.1\jaxb-api-2.3.1.jar;E:\maven\repmaven\javax\activation\javax.activation-api\1.2.0\javax.activation-api-1.2.0.jar;E:\maven\repmaven\org\jacoco\org.jacoco.agent\0.8.5\org.jacoco.agent-0.8.5-runtime.jar;E:\maven\repmaven\org\ini4j\ini4j\0.5.4\ini4j-0.5.4.jar;E:\maven\repmaven\org\slf4j\slf4j-api\1.7.29\slf4j-api-1.7.29.jar;E:\maven\repmaven\io\opentracing\opentracing-api\0.33.0\opentracing-api-0.33.0.jar;E:\maven\repmaven\io\opentracing\opentracing-util\0.33.0\opentracing-util-0.33.0.jar;E:\maven\repmaven\io\opentracing\opentracing-noop\0.33.0\opentracing-noop-0.33.0.jar;E:\maven\repmaven\com\aliyun\aliyun-java-sdk-vod\2.15.11\aliyun-java-sdk-vod-2.15.11.jar;E:\maven\repmaven\com\aliyun\aliyun-sdk-vod-upload\1.4.13\aliyun-sdk-vod-upload-1.4.13.jar;E:\maven\repmaven\com\alibaba\fastjson\1.2.28\fastjson-1.2.28.jar;E:\maven\repmaven\org\springframework\boot\spring-boot-test\2.2.1.RELEASE\spring-boot-test-2.2.1.RELEASE.jar;E:\maven\repmaven\org\springframework\boot\spring-boot\2.2.1.RELEASE\spring-boot-2.2.1.RELEASE.jar;E:\maven\repmaven\org\springframework\spring-context\5.2.1.RELEASE\spring-context-5.2.1.RELEASE.jar;E:\maven\repmaven\com\aliyun\oss\aliyun-sdk-oss\3.10.2\aliyun-sdk-oss-3.10.2.jar;E:\maven\repmaven\org\jdom\jdom2\2.0.6\jdom2-2.0.6.jar;E:\maven\repmaven\org\codehaus\jettison\jettison\1.1\jettison-1.1.jar;E:\maven\repmaven\stax\stax-api\1.0.1\stax-api-1.0.1.jar;E:\maven\repmaven\com\aliyun\aliyun-java-sdk-ram\3.0.0\aliyun-java-sdk-ram-3.0.0.jar;E:\maven\repmaven\com\aliyun\aliyun-java-sdk-sts\3.0.0\aliyun-java-sdk-sts-3.0.0.jar;E:\maven\repmaven\com\aliyun\aliyun-java-sdk-ecs\4.2.0\aliyun-java-sdk-ecs-4.2.0.jar;E:\maven\repmaven\com\aliyun\aliyun-java-sdk-kms\2.7.0\aliyun-java-sdk-kms-2.7.0.jar;E:\maven\repmaven\org\json\json\20170516\json-20170516.jar;E:\maven\repmaven\com\google\code\gson\gson\2.8.2\gson-2.8.2.jar;E:\online-teaching\Common\service-base\target\service-base-0.0.1-SNAPSHOT.jar;E:\online-teaching\Common\utils\target\utils-0.0.1-SNAPSHOT.jar;E:\maven\repmaven\com\google\guava\guava\20.0\guava-20.0.jar;E:\maven\repmaven\org\springframework\cloud\spring-cloud-starter-netflix-ribbon\2.2.0.RELEASE\spring-cloud-starter-netflix-ribbon-2.2.0.RELEASE.jar;E:\maven\repmaven\org\springframework\cloud\spring-cloud-starter\2.2.0.RELEASE\spring-cloud-starter-2.2.0.RELEASE.jar;E:\maven\repmaven\org\springframework\cloud\spring-cloud-context\2.2.0.RELEASE\spring-cloud-context-2.2.0.RELEASE.jar;E:\maven\repmaven\org\springframework\security\spring-security-rsa\1.0.7.RELEASE\spring-security-rsa-1.0.7.RELEASE.jar;E:\maven\repmaven\org\bouncycastle\bcpkix-jdk15on\1.60\bcpkix-jdk15on-1.60.jar;E:\maven\repmaven\org\bouncycastle\bcprov-jdk15on\1.60\bcprov-jdk15on-1.60.jar;E:\maven\repmaven\org\springframework\cloud\spring-cloud-netflix-ribbon\2.2.0.RELEASE\spring-cloud-netflix-ribbon-2.2.0.RELEASE.jar;E:\maven\repmaven\org\springframework\cloud\spring-cloud-netflix-archaius\2.2.0.RELEASE\spring-cloud-netflix-archaius-2.2.0.RELEASE.jar;E:\maven\repmaven\org\springframework\cloud\spring-cloud-starter-netflix-archaius\2.2.0.RELEASE\spring-cloud-starter-netflix-archaius-2.2.0.RELEASE.jar;E:\maven\repmaven\com\netflix\archaius\archaius-core\0.7.6\archaius-core-0.7.6.jar;E:\maven\repmaven\com\google\code\findbugs\jsr305\3.0.1\jsr305-3.0.1.jar;E:\maven\repmaven\commons-configuration\commons-configuration\1.8\commons-configuration-1.8.jar;E:\maven\repmaven\com\netflix\ribbon\ribbon\2.3.0\ribbon-2.3.0.jar;E:\maven\repmaven\com\netflix\ribbon\ribbon-transport\2.3.0\ribbon-transport-2.3.0.jar;E:\maven\repmaven\io\reactivex\rxnetty-contexts\0.4.9\rxnetty-contexts-0.4.9.jar;E:\maven\repmaven\io\reactivex\rxnetty-servo\0.4.9\rxnetty-servo-0.4.9.jar;E:\maven\repmaven\javax\inject\javax.inject\1\javax.inject-1.jar;E:\maven\repmaven\io\reactivex\rxnetty\0.4.9\rxnetty-0.4.9.jar;E:\maven\repmaven\com\netflix\ribbon\ribbon-core\2.3.0\ribbon-core-2.3.0.jar;E:\maven\repmaven\commons-lang\commons-lang\2.6\commons-lang-2.6.jar;E:\maven\repmaven\com\netflix\ribbon\ribbon-httpclient\2.3.0\ribbon-httpclient-2.3.0.jar;E:\maven\repmaven\commons-collections\commons-collections\3.2.2\commons-collections-3.2.2.jar;E:\maven\repmaven\com\sun\jersey\jersey-client\1.19.1\jersey-client-1.19.1.jar;E:\maven\repmaven\com\sun\jersey\jersey-core\1.19.1\jersey-core-1.19.1.jar;E:\maven\repmaven\javax\ws\rs\jsr311-api\1.1.1\jsr311-api-1.1.1.jar;E:\maven\repmaven\com\sun\jersey\contribs\jersey-apache-client4\1.19.1\jersey-apache-client4-1.19.1.jar;E:\maven\repmaven\com\netflix\servo\servo-core\0.12.21\servo-core-0.12.21.jar;E:\maven\repmaven\com\netflix\netflix-commons\netflix-commons-util\0.3.0\netflix-commons-util-0.3.0.jar;E:\maven\repmaven\com\netflix\ribbon\ribbon-loadbalancer\2.3.0\ribbon-loadbalancer-2.3.0.jar;E:\maven\repmaven\com\netflix\netflix-commons\netflix-statistics\0.1.1\netflix-statistics-0.1.1.jar;E:\maven\repmaven\io\reactivex\rxjava\1.3.8\rxjava-1.3.8.jar;E:\maven\repmaven\org\springframework\cloud\spring-cloud-starter-netflix-hystrix\2.2.0.RELEASE\spring-cloud-starter-netflix-hystrix-2.2.0.RELEASE.jar;E:\maven\repmaven\org\springframework\cloud\spring-cloud-netflix-hystrix\2.2.0.RELEASE\spring-cloud-netflix-hystrix-2.2.0.RELEASE.jar;E:\maven\repmaven\org\springframework\boot\spring-boot-starter-aop\2.2.1.RELEASE\spring-boot-starter-aop-2.2.1.RELEASE.jar;E:\maven\repmaven\com\netflix\hystrix\hystrix-core\1.5.18\hystrix-core-1.5.18.jar;E:\maven\repmaven\org\hdrhistogram\HdrHistogram\2.1.9\HdrHistogram-2.1.9.jar;E:\maven\repmaven\com\netflix\hystrix\hystrix-serialization\1.5.18\hystrix-serialization-1.5.18.jar;E:\maven\repmaven\com\fasterxml\jackson\module\jackson-module-afterburner\2.10.0\jackson-module-afterburner-2.10.0.jar;E:\maven\repmaven\com\fasterxml\jackson\core\jackson-core\2.10.0\jackson-core-2.10.0.jar;E:\maven\repmaven\com\fasterxml\jackson\core\jackson-databind\2.10.0\jackson-databind-2.10.0.jar;E:\maven\repmaven\com\fasterxml\jackson\core\jackson-annotations\2.10.0\jackson-annotations-2.10.0.jar;E:\maven\repmaven\com\netflix\hystrix\hystrix-metrics-event-stream\1.5.18\hystrix-metrics-event-stream-1.5.18.jar;E:\maven\repmaven\com\netflix\hystrix\hystrix-javanica\1.5.18\hystrix-javanica-1.5.18.jar;E:\maven\repmaven\org\ow2\asm\asm\5.0.4\asm-5.0.4.jar;E:\maven\repmaven\org\aspectj\aspectjweaver\1.9.4\aspectjweaver-1.9.4.jar;E:\maven\repmaven\io\reactivex\rxjava-reactive-streams\1.2.1\rxjava-reactive-streams-1.2.1.jar;E:\maven\repmaven\org\reactivestreams\reactive-streams\1.0.3\reactive-streams-1.0.3.jar;E:\maven\repmaven\org\springframework\cloud\spring-cloud-starter-alibaba-nacos-discovery\0.2.2.RELEASE\spring-cloud-starter-alibaba-nacos-discovery-0.2.2.RELEASE.jar;E:\maven\repmaven\org\springframework\cloud\spring-cloud-alibaba-nacos-discovery\0.2.2.RELEASE\spring-cloud-alibaba-nacos-discovery-0.2.2.RELEASE.jar;E:\maven\repmaven\com\alibaba\nacos\nacos-client\1.0.0\nacos-client-1.0.0.jar;E:\maven\repmaven\com\alibaba\nacos\nacos-common\1.0.0\nacos-common-1.0.0.jar;E:\maven\repmaven\com\alibaba\nacos\nacos-api\1.0.0\nacos-api-1.0.0.jar;E:\maven\repmaven\io\prometheus\simpleclient\0.5.0\simpleclient-0.5.0.jar;E:\maven\repmaven\org\springframework\cloud\spring-cloud-starter-openfeign\2.2.0.RELEASE\spring-cloud-starter-openfeign-2.2.0.RELEASE.jar;E:\maven\repmaven\org\springframework\cloud\spring-cloud-openfeign-core\2.2.0.RELEASE\spring-cloud-openfeign-core-2.2.0.RELEASE.jar;E:\maven\repmaven\io\github\openfeign\form\feign-form-spring\3.8.0\feign-form-spring-3.8.0.jar;E:\maven\repmaven\io\github\openfeign\form\feign-form\3.8.0\feign-form-3.8.0.jar;E:\maven\repmaven\org\springframework\spring-web\5.2.1.RELEASE\spring-web-5.2.1.RELEASE.jar;E:\maven\repmaven\org\springframework\spring-beans\5.2.1.RELEASE\spring-beans-5.2.1.RELEASE.jar;E:\maven\repmaven\org\springframework\cloud\spring-cloud-commons\2.2.0.RELEASE\spring-cloud-commons-2.2.0.RELEASE.jar;E:\maven\repmaven\org\springframework\security\spring-security-crypto\5.2.1.RELEASE\spring-security-crypto-5.2.1.RELEASE.jar;E:\maven\repmaven\io\github\openfeign\feign-core\10.4.0\feign-core-10.4.0.jar;E:\maven\repmaven\io\github\openfeign\feign-slf4j\10.4.0\feign-slf4j-10.4.0.jar;E:\maven\repmaven\io\github\openfeign\feign-hystrix\10.4.0\feign-hystrix-10.4.0.jar;E:\maven\repmaven\org\springframework\boot\spring-boot-starter-actuator\2.2.1.RELEASE\spring-boot-starter-actuator-2.2.1.RELEASE.jar;E:\maven\repmaven\org\springframework\boot\spring-boot-starter\2.2.1.RELEASE\spring-boot-starter-2.2.1.RELEASE.jar;E:\maven\repmaven\org\springframework\boot\spring-boot-starter-logging\2.2.1.RELEASE\spring-boot-starter-logging-2.2.1.RELEASE.jar;E:\maven\repmaven\ch\qos\logback\logback-classic\1.2.3\logback-classic-1.2.3.jar;E:\maven\repmaven\ch\qos\logback\logback-core\1.2.3\logback-core-1.2.3.jar;E:\maven\repmaven\org\apache\logging\log4j\log4j-to-slf4j\2.12.1\log4j-to-slf4j-2.12.1.jar;E:\maven\repmaven\org\apache\logging\log4j\log4j-api\2.12.1\log4j-api-2.12.1.jar;E:\maven\repmaven\org\slf4j\jul-to-slf4j\1.7.29\jul-to-slf4j-1.7.29.jar;E:\maven\repmaven\jakarta\annotation\jakarta.annotation-api\1.3.5\jakarta.annotation-api-1.3.5.jar;E:\maven\repmaven\org\yaml\snakeyaml\1.25\snakeyaml-1.25.jar;E:\maven\repmaven\org\springframework\boot\spring-boot-actuator-autoconfigure\2.2.1.RELEASE\spring-boot-actuator-autoconfigure-2.2.1.RELEASE.jar;E:\maven\repmaven\org\springframework\boot\spring-boot-actuator\2.2.1.RELEASE\spring-boot-actuator-2.2.1.RELEASE.jar;E:\maven\repmaven\com\fasterxml\jackson\datatype\jackson-datatype-jsr310\2.10.0\jackson-datatype-jsr310-2.10.0.jar;E:\maven\repmaven\io\micrometer\micrometer-core\1.3.1\micrometer-core-1.3.1.jar;E:\maven\repmaven\org\latencyutils\LatencyUtils\2.0.3\LatencyUtils-2.0.3.jar;E:\maven\repmaven\org\springframework\boot\spring-boot-starter-web\2.2.1.RELEASE\spring-boot-starter-web-2.2.1.RELEASE.jar;E:\maven\repmaven\org\springframework\boot\spring-boot-starter-json\2.2.1.RELEASE\spring-boot-starter-json-2.2.1.RELEASE.jar;E:\maven\repmaven\com\fasterxml\jackson\datatype\jackson-datatype-jdk8\2.10.0\jackson-datatype-jdk8-2.10.0.jar;E:\maven\repmaven\com\fasterxml\jackson\module\jackson-module-parameter-names\2.10.0\jackson-module-parameter-names-2.10.0.jar;E:\maven\repmaven\org\springframework\boot\spring-boot-starter-tomcat\2.2.1.RELEASE\spring-boot-starter-tomcat-2.2.1.RELEASE.jar;E:\maven\repmaven\org\apache\tomcat\embed\tomcat-embed-core\9.0.27\tomcat-embed-core-9.0.27.jar;E:\maven\repmaven\org\apache\tomcat\embed\tomcat-embed-el\9.0.27\tomcat-embed-el-9.0.27.jar;E:\maven\repmaven\org\apache\tomcat\embed\tomcat-embed-websocket\9.0.27\tomcat-embed-websocket-9.0.27.jar;E:\maven\repmaven\org\springframework\boot\spring-boot-starter-validation\2.2.1.RELEASE\spring-boot-starter-validation-2.2.1.RELEASE.jar;E:\maven\repmaven\jakarta\validation\jakarta.validation-api\2.0.1\jakarta.validation-api-2.0.1.jar;E:\maven\repmaven\org\hibernate\validator\hibernate-validator\6.0.18.Final\hibernate-validator-6.0.18.Final.jar;E:\maven\repmaven\org\jboss\logging\jboss-logging\3.4.1.Final\jboss-logging-3.4.1.Final.jar;E:\maven\repmaven\org\springframework\spring-webmvc\5.2.1.RELEASE\spring-webmvc-5.2.1.RELEASE.jar;E:\maven\repmaven\org\springframework\spring-aop\5.2.1.RELEASE\spring-aop-5.2.1.RELEASE.jar;E:\maven\repmaven\org\springframework\spring-expression\5.2.1.RELEASE\spring-expression-5.2.1.RELEASE.jar;E:\maven\repmaven\com\baomidou\mybatis-plus-boot-starter\3.4.1\mybatis-plus-boot-starter-3.4.1.jar;E:\maven\repmaven\com\baomidou\mybatis-plus\3.4.1\mybatis-plus-3.4.1.jar;E:\maven\repmaven\com\baomidou\mybatis-plus-extension\3.4.1\mybatis-plus-extension-3.4.1.jar;E:\maven\repmaven\com\baomidou\mybatis-plus-core\3.4.1\mybatis-plus-core-3.4.1.jar;E:\maven\repmaven\com\baomidou\mybatis-plus-annotation\3.4.1\mybatis-plus-annotation-3.4.1.jar;E:\maven\repmaven\com\github\jsqlparser\jsqlparser\3.2\jsqlparser-3.2.jar;E:\maven\repmaven\org\mybatis\mybatis\3.5.6\mybatis-3.5.6.jar;E:\maven\repmaven\org\mybatis\mybatis-spring\2.0.5\mybatis-spring-2.0.5.jar;E:\maven\repmaven\org\springframework\boot\spring-boot-autoconfigure\2.2.1.RELEASE\spring-boot-autoconfigure-2.2.1.RELEASE.jar;E:\maven\repmaven\org\springframework\boot\spring-boot-starter-jdbc\2.2.1.RELEASE\spring-boot-starter-jdbc-2.2.1.RELEASE.jar;E:\maven\repmaven\com\zaxxer\HikariCP\3.4.1\HikariCP-3.4.1.jar;E:\maven\repmaven\org\springframework\spring-jdbc\5.2.1.RELEASE\spring-jdbc-5.2.1.RELEASE.jar;E:\maven\repmaven\org\springframework\spring-tx\5.2.1.RELEASE\spring-tx-5.2.1.RELEASE.jar;E:\maven\repmaven\mysql\mysql-connector-java\8.0.23\mysql-connector-java-8.0.23.jar;E:\maven\repmaven\com\google\protobuf\protobuf-java\3.11.4\protobuf-java-3.11.4.jar;E:\maven\repmaven\org\apache\velocity\velocity-engine-core\2.2\velocity-engine-core-2.2.jar;E:\maven\repmaven\org\apache\commons\commons-lang3\3.9\commons-lang3-3.9.jar;E:\maven\repmaven\io\springfox\springfox-swagger2\2.7.0\springfox-swagger2-2.7.0.jar;E:\maven\repmaven\io\swagger\swagger-annotations\1.5.13\swagger-annotations-1.5.13.jar;E:\maven\repmaven\io\swagger\swagger-models\1.5.13\swagger-models-1.5.13.jar;E:\maven\repmaven\io\springfox\springfox-spi\2.7.0\springfox-spi-2.7.0.jar;E:\maven\repmaven\io\springfox\springfox-core\2.7.0\springfox-core-2.7.0.jar;E:\maven\repmaven\io\springfox\springfox-schema\2.7.0\springfox-schema-2.7.0.jar;E:\maven\repmaven\io\springfox\springfox-swagger-common\2.7.0\springfox-swagger-common-2.7.0.jar;E:\maven\repmaven\io\springfox\springfox-spring-web\2.7.0\springfox-spring-web-2.7.0.jar;E:\maven\repmaven\org\reflections\reflections\0.9.11\reflections-0.9.11.jar;E:\maven\repmaven\org\javassist\javassist\3.21.0-GA\javassist-3.21.0-GA.jar;E:\maven\repmaven\com\fasterxml\classmate\1.5.1\classmate-1.5.1.jar;E:\maven\repmaven\org\springframework\plugin\spring-plugin-core\1.2.0.RELEASE\spring-plugin-core-1.2.0.RELEASE.jar;E:\maven\repmaven\org\springframework\plugin\spring-plugin-metadata\1.2.0.RELEASE\spring-plugin-metadata-1.2.0.RELEASE.jar;E:\maven\repmaven\org\mapstruct\mapstruct\1.1.0.Final\mapstruct-1.1.0.Final.jar;E:\maven\repmaven\io\springfox\springfox-swagger-ui\2.7.0\springfox-swagger-ui-2.7.0.jar;E:\maven\repmaven\org\projectlombok\lombok\1.18.10\lombok-1.18.10.jar;E:\maven\repmaven\org\apache\poi\poi\3.17\poi-3.17.jar;E:\maven\repmaven\commons-codec\commons-codec\1.13\commons-codec-1.13.jar;E:\maven\repmaven\org\apache\commons\commons-collections4\4.1\commons-collections4-4.1.jar;E:\maven\repmaven\org\apache\poi\poi-ooxml\3.17\poi-ooxml-3.17.jar;E:\maven\repmaven\org\apache\poi\poi-ooxml-schemas\3.17\poi-ooxml-schemas-3.17.jar;E:\maven\repmaven\org\apache\xmlbeans\xmlbeans\2.6.0\xmlbeans-2.6.0.jar;E:\maven\repmaven\com\github\virtuald\curvesapi\1.04\curvesapi-1.04.jar;E:\maven\repmaven\commons-fileupload\commons-fileupload\1.3.1\commons-fileupload-1.3.1.jar;E:\maven\repmaven\org\apache\httpcomponents\httpclient\4.5.1\httpclient-4.5.1.jar;E:\maven\repmaven\commons-io\commons-io\2.6\commons-io-2.6.jar;E:\maven\repmaven\junit\junit\4.12\junit-4.12.jar;E:\maven\repmaven\org\hamcrest\hamcrest-core\2.1\hamcrest-core-2.1.jar;E:\maven\repmaven\org\springframework\boot\spring-boot-starter-test\2.3.4.RELEASE\spring-boot-starter-test-2.3.4.RELEASE.jar;E:\maven\repmaven\org\springframework\boot\spring-boot-test-autoconfigure\2.2.1.RELEASE\spring-boot-test-autoconfigure-2.2.1.RELEASE.jar;E:\maven\repmaven\com\jayway\jsonpath\json-path\2.4.0\json-path-2.4.0.jar;E:\maven\repmaven\net\minidev\json-smart\2.3\json-smart-2.3.jar;E:\maven\repmaven\net\minidev\accessors-smart\1.2\accessors-smart-1.2.jar;E:\maven\repmaven\jakarta\xml\bind\jakarta.xml.bind-api\2.3.2\jakarta.xml.bind-api-2.3.2.jar;E:\maven\repmaven\jakarta\activation\jakarta.activation-api\1.2.1\jakarta.activation-api-1.2.1.jar;E:\maven\repmaven\org\assertj\assertj-core\3.13.2\assertj-core-3.13.2.jar;E:\maven\repmaven\org\hamcrest\hamcrest\2.1\hamcrest-2.1.jar;E:\maven\repmaven\org\junit\jupiter\junit-jupiter\5.5.2\junit-jupiter-5.5.2.jar;E:\maven\repmaven\org\junit\jupiter\junit-jupiter-api\5.5.2\junit-jupiter-api-5.5.2.jar;E:\maven\repmaven\org\opentest4j\opentest4j\1.2.0\opentest4j-1.2.0.jar;E:\maven\repmaven\org\junit\platform\junit-platform-commons\1.5.2\junit-platform-commons-1.5.2.jar;E:\maven\repmaven\org\junit\jupiter\junit-jupiter-params\5.5.2\junit-jupiter-params-5.5.2.jar;E:\maven\repmaven\org\junit\jupiter\junit-jupiter-engine\5.5.2\junit-jupiter-engine-5.5.2.jar;E:\maven\repmaven\org\junit\vintage\junit-vintage-engine\5.5.2\junit-vintage-engine-5.5.2.jar;E:\maven\repmaven\org\apiguardian\apiguardian-api\1.1.0\apiguardian-api-1.1.0.jar;E:\maven\repmaven\org\junit\platform\junit-platform-engine\1.5.2\junit-platform-engine-1.5.2.jar;E:\maven\repmaven\org\mockito\mockito-core\3.1.0\mockito-core-3.1.0.jar;E:\maven\repmaven\net\bytebuddy\byte-buddy\1.10.2\byte-buddy-1.10.2.jar;E:\maven\repmaven\net\bytebuddy\byte-buddy-agent\1.10.2\byte-buddy-agent-1.10.2.jar;E:\maven\repmaven\org\objenesis\objenesis\2.6\objenesis-2.6.jar;E:\maven\repmaven\org\mockito\mockito-junit-jupiter\3.1.0\mockito-junit-jupiter-3.1.0.jar;E:\maven\repmaven\org\skyscreamer\jsonassert\1.5.0\jsonassert-1.5.0.jar;E:\maven\repmaven\com\vaadin\external\google\android-json\0.0.20131108.vaadin1\android-json-0.0.20131108.vaadin1.jar;E:\maven\repmaven\org\springframework\spring-core\5.2.1.RELEASE\spring-core-5.2.1.RELEASE.jar;E:\maven\repmaven\org\springframework\spring-jcl\5.2.1.RELEASE\spring-jcl-5.2.1.RELEASE.jar;E:\maven\repmaven\org\springframework\spring-test\5.2.1.RELEASE\spring-test-5.2.1.RELEASE.jar;E:\maven\repmaven\org\xmlunit\xmlunit-core\2.6.3\xmlunit-core-2.6.3.jar;"/>
    <property name="java.vm.vendor" value="Oracle Corporation"/>
    <property name="sun.arch.data.model" value="64"/>
    <property name="user.variant" value=""/>
    <property name="java.vendor.url" value="http://java.oracle.com/"/>
    <property name="user.timezone" value="Asia/Shanghai"/>
    <property name="java.vm.specification.version" value="1.8"/>
    <property name="os.name" value="Windows 7"/>
    <property name="user.country" value="CN"/>
    <property name="sun.java.launcher" value="SUN_STANDARD"/>
    <property name="sun.boot.library.path" value="E:\jdk1.8\jre\bin"/>
    <property name="sun.java.command" value="C:\Users\Administrator\AppData\Local\Temp\surefire3729193879989844089\surefirebooter4561637253036466885.jar C:\Users\Administrator\AppData\Local\Temp\surefire3729193879989844089 2021-03-21T09-54-51_292-jvmRun1 surefire8246868600846374684tmp surefire_1152750490139416839tmp"/>
    <property name="surefire.test.class.path" value="E:\online-teaching\service\service-vod\target\test-classes;E:\online-teaching\service\service-vod\target\classes;E:\maven\repmaven\com\aliyun\aliyun-java-sdk-core\4.5.1\aliyun-java-sdk-core-4.5.1.jar;E:\maven\repmaven\org\apache\httpcomponents\httpcore\4.4.12\httpcore-4.4.12.jar;E:\maven\repmaven\commons-logging\commons-logging\1.2\commons-logging-1.2.jar;E:\maven\repmaven\javax\xml\bind\jaxb-api\2.3.1\jaxb-api-2.3.1.jar;E:\maven\repmaven\javax\activation\javax.activation-api\1.2.0\javax.activation-api-1.2.0.jar;E:\maven\repmaven\org\jacoco\org.jacoco.agent\0.8.5\org.jacoco.agent-0.8.5-runtime.jar;E:\maven\repmaven\org\ini4j\ini4j\0.5.4\ini4j-0.5.4.jar;E:\maven\repmaven\org\slf4j\slf4j-api\1.7.29\slf4j-api-1.7.29.jar;E:\maven\repmaven\io\opentracing\opentracing-api\0.33.0\opentracing-api-0.33.0.jar;E:\maven\repmaven\io\opentracing\opentracing-util\0.33.0\opentracing-util-0.33.0.jar;E:\maven\repmaven\io\opentracing\opentracing-noop\0.33.0\opentracing-noop-0.33.0.jar;E:\maven\repmaven\com\aliyun\aliyun-java-sdk-vod\2.15.11\aliyun-java-sdk-vod-2.15.11.jar;E:\maven\repmaven\com\aliyun\aliyun-sdk-vod-upload\1.4.13\aliyun-sdk-vod-upload-1.4.13.jar;E:\maven\repmaven\com\alibaba\fastjson\1.2.28\fastjson-1.2.28.jar;E:\maven\repmaven\org\springframework\boot\spring-boot-test\2.2.1.RELEASE\spring-boot-test-2.2.1.RELEASE.jar;E:\maven\repmaven\org\springframework\boot\spring-boot\2.2.1.RELEASE\spring-boot-2.2.1.RELEASE.jar;E:\maven\repmaven\org\springframework\spring-context\5.2.1.RELEASE\spring-context-5.2.1.RELEASE.jar;E:\maven\repmaven\com\aliyun\oss\aliyun-sdk-oss\3.10.2\aliyun-sdk-oss-3.10.2.jar;E:\maven\repmaven\org\jdom\jdom2\2.0.6\jdom2-2.0.6.jar;E:\maven\repmaven\org\codehaus\jettison\jettison\1.1\jettison-1.1.jar;E:\maven\repmaven\stax\stax-api\1.0.1\stax-api-1.0.1.jar;E:\maven\repmaven\com\aliyun\aliyun-java-sdk-ram\3.0.0\aliyun-java-sdk-ram-3.0.0.jar;E:\maven\repmaven\com\aliyun\aliyun-java-sdk-sts\3.0.0\aliyun-java-sdk-sts-3.0.0.jar;E:\maven\repmaven\com\aliyun\aliyun-java-sdk-ecs\4.2.0\aliyun-java-sdk-ecs-4.2.0.jar;E:\maven\repmaven\com\aliyun\aliyun-java-sdk-kms\2.7.0\aliyun-java-sdk-kms-2.7.0.jar;E:\maven\repmaven\org\json\json\20170516\json-20170516.jar;E:\maven\repmaven\com\google\code\gson\gson\2.8.2\gson-2.8.2.jar;E:\online-teaching\Common\service-base\target\service-base-0.0.1-SNAPSHOT.jar;E:\online-teaching\Common\utils\target\utils-0.0.1-SNAPSHOT.jar;E:\maven\repmaven\com\google\guava\guava\20.0\guava-20.0.jar;E:\maven\repmaven\org\springframework\cloud\spring-cloud-starter-netflix-ribbon\2.2.0.RELEASE\spring-cloud-starter-netflix-ribbon-2.2.0.RELEASE.jar;E:\maven\repmaven\org\springframework\cloud\spring-cloud-starter\2.2.0.RELEASE\spring-cloud-starter-2.2.0.RELEASE.jar;E:\maven\repmaven\org\springframework\cloud\spring-cloud-context\2.2.0.RELEASE\spring-cloud-context-2.2.0.RELEASE.jar;E:\maven\repmaven\org\springframework\security\spring-security-rsa\1.0.7.RELEASE\spring-security-rsa-1.0.7.RELEASE.jar;E:\maven\repmaven\org\bouncycastle\bcpkix-jdk15on\1.60\bcpkix-jdk15on-1.60.jar;E:\maven\repmaven\org\bouncycastle\bcprov-jdk15on\1.60\bcprov-jdk15on-1.60.jar;E:\maven\repmaven\org\springframework\cloud\spring-cloud-netflix-ribbon\2.2.0.RELEASE\spring-cloud-netflix-ribbon-2.2.0.RELEASE.jar;E:\maven\repmaven\org\springframework\cloud\spring-cloud-netflix-archaius\2.2.0.RELEASE\spring-cloud-netflix-archaius-2.2.0.RELEASE.jar;E:\maven\repmaven\org\springframework\cloud\spring-cloud-starter-netflix-archaius\2.2.0.RELEASE\spring-cloud-starter-netflix-archaius-2.2.0.RELEASE.jar;E:\maven\repmaven\com\netflix\archaius\archaius-core\0.7.6\archaius-core-0.7.6.jar;E:\maven\repmaven\com\google\code\findbugs\jsr305\3.0.1\jsr305-3.0.1.jar;E:\maven\repmaven\commons-configuration\commons-configuration\1.8\commons-configuration-1.8.jar;E:\maven\repmaven\com\netflix\ribbon\ribbon\2.3.0\ribbon-2.3.0.jar;E:\maven\repmaven\com\netflix\ribbon\ribbon-transport\2.3.0\ribbon-transport-2.3.0.jar;E:\maven\repmaven\io\reactivex\rxnetty-contexts\0.4.9\rxnetty-contexts-0.4.9.jar;E:\maven\repmaven\io\reactivex\rxnetty-servo\0.4.9\rxnetty-servo-0.4.9.jar;E:\maven\repmaven\javax\inject\javax.inject\1\javax.inject-1.jar;E:\maven\repmaven\io\reactivex\rxnetty\0.4.9\rxnetty-0.4.9.jar;E:\maven\repmaven\com\netflix\ribbon\ribbon-core\2.3.0\ribbon-core-2.3.0.jar;E:\maven\repmaven\commons-lang\commons-lang\2.6\commons-lang-2.6.jar;E:\maven\repmaven\com\netflix\ribbon\ribbon-httpclient\2.3.0\ribbon-httpclient-2.3.0.jar;E:\maven\repmaven\commons-collections\commons-collections\3.2.2\commons-collections-3.2.2.jar;E:\maven\repmaven\com\sun\jersey\jersey-client\1.19.1\jersey-client-1.19.1.jar;E:\maven\repmaven\com\sun\jersey\jersey-core\1.19.1\jersey-core-1.19.1.jar;E:\maven\repmaven\javax\ws\rs\jsr311-api\1.1.1\jsr311-api-1.1.1.jar;E:\maven\repmaven\com\sun\jersey\contribs\jersey-apache-client4\1.19.1\jersey-apache-client4-1.19.1.jar;E:\maven\repmaven\com\netflix\servo\servo-core\0.12.21\servo-core-0.12.21.jar;E:\maven\repmaven\com\netflix\netflix-commons\netflix-commons-util\0.3.0\netflix-commons-util-0.3.0.jar;E:\maven\repmaven\com\netflix\ribbon\ribbon-loadbalancer\2.3.0\ribbon-loadbalancer-2.3.0.jar;E:\maven\repmaven\com\netflix\netflix-commons\netflix-statistics\0.1.1\netflix-statistics-0.1.1.jar;E:\maven\repmaven\io\reactivex\rxjava\1.3.8\rxjava-1.3.8.jar;E:\maven\repmaven\org\springframework\cloud\spring-cloud-starter-netflix-hystrix\2.2.0.RELEASE\spring-cloud-starter-netflix-hystrix-2.2.0.RELEASE.jar;E:\maven\repmaven\org\springframework\cloud\spring-cloud-netflix-hystrix\2.2.0.RELEASE\spring-cloud-netflix-hystrix-2.2.0.RELEASE.jar;E:\maven\repmaven\org\springframework\boot\spring-boot-starter-aop\2.2.1.RELEASE\spring-boot-starter-aop-2.2.1.RELEASE.jar;E:\maven\repmaven\com\netflix\hystrix\hystrix-core\1.5.18\hystrix-core-1.5.18.jar;E:\maven\repmaven\org\hdrhistogram\HdrHistogram\2.1.9\HdrHistogram-2.1.9.jar;E:\maven\repmaven\com\netflix\hystrix\hystrix-serialization\1.5.18\hystrix-serialization-1.5.18.jar;E:\maven\repmaven\com\fasterxml\jackson\module\jackson-module-afterburner\2.10.0\jackson-module-afterburner-2.10.0.jar;E:\maven\repmaven\com\fasterxml\jackson\core\jackson-core\2.10.0\jackson-core-2.10.0.jar;E:\maven\repmaven\com\fasterxml\jackson\core\jackson-databind\2.10.0\jackson-databind-2.10.0.jar;E:\maven\repmaven\com\fasterxml\jackson\core\jackson-annotations\2.10.0\jackson-annotations-2.10.0.jar;E:\maven\repmaven\com\netflix\hystrix\hystrix-metrics-event-stream\1.5.18\hystrix-metrics-event-stream-1.5.18.jar;E:\maven\repmaven\com\netflix\hystrix\hystrix-javanica\1.5.18\hystrix-javanica-1.5.18.jar;E:\maven\repmaven\org\ow2\asm\asm\5.0.4\asm-5.0.4.jar;E:\maven\repmaven\org\aspectj\aspectjweaver\1.9.4\aspectjweaver-1.9.4.jar;E:\maven\repmaven\io\reactivex\rxjava-reactive-streams\1.2.1\rxjava-reactive-streams-1.2.1.jar;E:\maven\repmaven\org\reactivestreams\reactive-streams\1.0.3\reactive-streams-1.0.3.jar;E:\maven\repmaven\org\springframework\cloud\spring-cloud-starter-alibaba-nacos-discovery\0.2.2.RELEASE\spring-cloud-starter-alibaba-nacos-discovery-0.2.2.RELEASE.jar;E:\maven\repmaven\org\springframework\cloud\spring-cloud-alibaba-nacos-discovery\0.2.2.RELEASE\spring-cloud-alibaba-nacos-discovery-0.2.2.RELEASE.jar;E:\maven\repmaven\com\alibaba\nacos\nacos-client\1.0.0\nacos-client-1.0.0.jar;E:\maven\repmaven\com\alibaba\nacos\nacos-common\1.0.0\nacos-common-1.0.0.jar;E:\maven\repmaven\com\alibaba\nacos\nacos-api\1.0.0\nacos-api-1.0.0.jar;E:\maven\repmaven\io\prometheus\simpleclient\0.5.0\simpleclient-0.5.0.jar;E:\maven\repmaven\org\springframework\cloud\spring-cloud-starter-openfeign\2.2.0.RELEASE\spring-cloud-starter-openfeign-2.2.0.RELEASE.jar;E:\maven\repmaven\org\springframework\cloud\spring-cloud-openfeign-core\2.2.0.RELEASE\spring-cloud-openfeign-core-2.2.0.RELEASE.jar;E:\maven\repmaven\io\github\openfeign\form\feign-form-spring\3.8.0\feign-form-spring-3.8.0.jar;E:\maven\repmaven\io\github\openfeign\form\feign-form\3.8.0\feign-form-3.8.0.jar;E:\maven\repmaven\org\springframework\spring-web\5.2.1.RELEASE\spring-web-5.2.1.RELEASE.jar;E:\maven\repmaven\org\springframework\spring-beans\5.2.1.RELEASE\spring-beans-5.2.1.RELEASE.jar;E:\maven\repmaven\org\springframework\cloud\spring-cloud-commons\2.2.0.RELEASE\spring-cloud-commons-2.2.0.RELEASE.jar;E:\maven\repmaven\org\springframework\security\spring-security-crypto\5.2.1.RELEASE\spring-security-crypto-5.2.1.RELEASE.jar;E:\maven\repmaven\io\github\openfeign\feign-core\10.4.0\feign-core-10.4.0.jar;E:\maven\repmaven\io\github\openfeign\feign-slf4j\10.4.0\feign-slf4j-10.4.0.jar;E:\maven\repmaven\io\github\openfeign\feign-hystrix\10.4.0\feign-hystrix-10.4.0.jar;E:\maven\repmaven\org\springframework\boot\spring-boot-starter-actuator\2.2.1.RELEASE\spring-boot-starter-actuator-2.2.1.RELEASE.jar;E:\maven\repmaven\org\springframework\boot\spring-boot-starter\2.2.1.RELEASE\spring-boot-starter-2.2.1.RELEASE.jar;E:\maven\repmaven\org\springframework\boot\spring-boot-starter-logging\2.2.1.RELEASE\spring-boot-starter-logging-2.2.1.RELEASE.jar;E:\maven\repmaven\ch\qos\logback\logback-classic\1.2.3\logback-classic-1.2.3.jar;E:\maven\repmaven\ch\qos\logback\logback-core\1.2.3\logback-core-1.2.3.jar;E:\maven\repmaven\org\apache\logging\log4j\log4j-to-slf4j\2.12.1\log4j-to-slf4j-2.12.1.jar;E:\maven\repmaven\org\apache\logging\log4j\log4j-api\2.12.1\log4j-api-2.12.1.jar;E:\maven\repmaven\org\slf4j\jul-to-slf4j\1.7.29\jul-to-slf4j-1.7.29.jar;E:\maven\repmaven\jakarta\annotation\jakarta.annotation-api\1.3.5\jakarta.annotation-api-1.3.5.jar;E:\maven\repmaven\org\yaml\snakeyaml\1.25\snakeyaml-1.25.jar;E:\maven\repmaven\org\springframework\boot\spring-boot-actuator-autoconfigure\2.2.1.RELEASE\spring-boot-actuator-autoconfigure-2.2.1.RELEASE.jar;E:\maven\repmaven\org\springframework\boot\spring-boot-actuator\2.2.1.RELEASE\spring-boot-actuator-2.2.1.RELEASE.jar;E:\maven\repmaven\com\fasterxml\jackson\datatype\jackson-datatype-jsr310\2.10.0\jackson-datatype-jsr310-2.10.0.jar;E:\maven\repmaven\io\micrometer\micrometer-core\1.3.1\micrometer-core-1.3.1.jar;E:\maven\repmaven\org\latencyutils\LatencyUtils\2.0.3\LatencyUtils-2.0.3.jar;E:\maven\repmaven\org\springframework\boot\spring-boot-starter-web\2.2.1.RELEASE\spring-boot-starter-web-2.2.1.RELEASE.jar;E:\maven\repmaven\org\springframework\boot\spring-boot-starter-json\2.2.1.RELEASE\spring-boot-starter-json-2.2.1.RELEASE.jar;E:\maven\repmaven\com\fasterxml\jackson\datatype\jackson-datatype-jdk8\2.10.0\jackson-datatype-jdk8-2.10.0.jar;E:\maven\repmaven\com\fasterxml\jackson\module\jackson-module-parameter-names\2.10.0\jackson-module-parameter-names-2.10.0.jar;E:\maven\repmaven\org\springframework\boot\spring-boot-starter-tomcat\2.2.1.RELEASE\spring-boot-starter-tomcat-2.2.1.RELEASE.jar;E:\maven\repmaven\org\apache\tomcat\embed\tomcat-embed-core\9.0.27\tomcat-embed-core-9.0.27.jar;E:\maven\repmaven\org\apache\tomcat\embed\tomcat-embed-el\9.0.27\tomcat-embed-el-9.0.27.jar;E:\maven\repmaven\org\apache\tomcat\embed\tomcat-embed-websocket\9.0.27\tomcat-embed-websocket-9.0.27.jar;E:\maven\repmaven\org\springframework\boot\spring-boot-starter-validation\2.2.1.RELEASE\spring-boot-starter-validation-2.2.1.RELEASE.jar;E:\maven\repmaven\jakarta\validation\jakarta.validation-api\2.0.1\jakarta.validation-api-2.0.1.jar;E:\maven\repmaven\org\hibernate\validator\hibernate-validator\6.0.18.Final\hibernate-validator-6.0.18.Final.jar;E:\maven\repmaven\org\jboss\logging\jboss-logging\3.4.1.Final\jboss-logging-3.4.1.Final.jar;E:\maven\repmaven\org\springframework\spring-webmvc\5.2.1.RELEASE\spring-webmvc-5.2.1.RELEASE.jar;E:\maven\repmaven\org\springframework\spring-aop\5.2.1.RELEASE\spring-aop-5.2.1.RELEASE.jar;E:\maven\repmaven\org\springframework\spring-expression\5.2.1.RELEASE\spring-expression-5.2.1.RELEASE.jar;E:\maven\repmaven\com\baomidou\mybatis-plus-boot-starter\3.4.1\mybatis-plus-boot-starter-3.4.1.jar;E:\maven\repmaven\com\baomidou\mybatis-plus\3.4.1\mybatis-plus-3.4.1.jar;E:\maven\repmaven\com\baomidou\mybatis-plus-extension\3.4.1\mybatis-plus-extension-3.4.1.jar;E:\maven\repmaven\com\baomidou\mybatis-plus-core\3.4.1\mybatis-plus-core-3.4.1.jar;E:\maven\repmaven\com\baomidou\mybatis-plus-annotation\3.4.1\mybatis-plus-annotation-3.4.1.jar;E:\maven\repmaven\com\github\jsqlparser\jsqlparser\3.2\jsqlparser-3.2.jar;E:\maven\repmaven\org\mybatis\mybatis\3.5.6\mybatis-3.5.6.jar;E:\maven\repmaven\org\mybatis\mybatis-spring\2.0.5\mybatis-spring-2.0.5.jar;E:\maven\repmaven\org\springframework\boot\spring-boot-autoconfigure\2.2.1.RELEASE\spring-boot-autoconfigure-2.2.1.RELEASE.jar;E:\maven\repmaven\org\springframework\boot\spring-boot-starter-jdbc\2.2.1.RELEASE\spring-boot-starter-jdbc-2.2.1.RELEASE.jar;E:\maven\repmaven\com\zaxxer\HikariCP\3.4.1\HikariCP-3.4.1.jar;E:\maven\repmaven\org\springframework\spring-jdbc\5.2.1.RELEASE\spring-jdbc-5.2.1.RELEASE.jar;E:\maven\repmaven\org\springframework\spring-tx\5.2.1.RELEASE\spring-tx-5.2.1.RELEASE.jar;E:\maven\repmaven\mysql\mysql-connector-java\8.0.23\mysql-connector-java-8.0.23.jar;E:\maven\repmaven\com\google\protobuf\protobuf-java\3.11.4\protobuf-java-3.11.4.jar;E:\maven\repmaven\org\apache\velocity\velocity-engine-core\2.2\velocity-engine-core-2.2.jar;E:\maven\repmaven\org\apache\commons\commons-lang3\3.9\commons-lang3-3.9.jar;E:\maven\repmaven\io\springfox\springfox-swagger2\2.7.0\springfox-swagger2-2.7.0.jar;E:\maven\repmaven\io\swagger\swagger-annotations\1.5.13\swagger-annotations-1.5.13.jar;E:\maven\repmaven\io\swagger\swagger-models\1.5.13\swagger-models-1.5.13.jar;E:\maven\repmaven\io\springfox\springfox-spi\2.7.0\springfox-spi-2.7.0.jar;E:\maven\repmaven\io\springfox\springfox-core\2.7.0\springfox-core-2.7.0.jar;E:\maven\repmaven\io\springfox\springfox-schema\2.7.0\springfox-schema-2.7.0.jar;E:\maven\repmaven\io\springfox\springfox-swagger-common\2.7.0\springfox-swagger-common-2.7.0.jar;E:\maven\repmaven\io\springfox\springfox-spring-web\2.7.0\springfox-spring-web-2.7.0.jar;E:\maven\repmaven\org\reflections\reflections\0.9.11\reflections-0.9.11.jar;E:\maven\repmaven\org\javassist\javassist\3.21.0-GA\javassist-3.21.0-GA.jar;E:\maven\repmaven\com\fasterxml\classmate\1.5.1\classmate-1.5.1.jar;E:\maven\repmaven\org\springframework\plugin\spring-plugin-core\1.2.0.RELEASE\spring-plugin-core-1.2.0.RELEASE.jar;E:\maven\repmaven\org\springframework\plugin\spring-plugin-metadata\1.2.0.RELEASE\spring-plugin-metadata-1.2.0.RELEASE.jar;E:\maven\repmaven\org\mapstruct\mapstruct\1.1.0.Final\mapstruct-1.1.0.Final.jar;E:\maven\repmaven\io\springfox\springfox-swagger-ui\2.7.0\springfox-swagger-ui-2.7.0.jar;E:\maven\repmaven\org\projectlombok\lombok\1.18.10\lombok-1.18.10.jar;E:\maven\repmaven\org\apache\poi\poi\3.17\poi-3.17.jar;E:\maven\repmaven\commons-codec\commons-codec\1.13\commons-codec-1.13.jar;E:\maven\repmaven\org\apache\commons\commons-collections4\4.1\commons-collections4-4.1.jar;E:\maven\repmaven\org\apache\poi\poi-ooxml\3.17\poi-ooxml-3.17.jar;E:\maven\repmaven\org\apache\poi\poi-ooxml-schemas\3.17\poi-ooxml-schemas-3.17.jar;E:\maven\repmaven\org\apache\xmlbeans\xmlbeans\2.6.0\xmlbeans-2.6.0.jar;E:\maven\repmaven\com\github\virtuald\curvesapi\1.04\curvesapi-1.04.jar;E:\maven\repmaven\commons-fileupload\commons-fileupload\1.3.1\commons-fileupload-1.3.1.jar;E:\maven\repmaven\org\apache\httpcomponents\httpclient\4.5.1\httpclient-4.5.1.jar;E:\maven\repmaven\commons-io\commons-io\2.6\commons-io-2.6.jar;E:\maven\repmaven\junit\junit\4.12\junit-4.12.jar;E:\maven\repmaven\org\hamcrest\hamcrest-core\2.1\hamcrest-core-2.1.jar;E:\maven\repmaven\org\springframework\boot\spring-boot-starter-test\2.3.4.RELEASE\spring-boot-starter-test-2.3.4.RELEASE.jar;E:\maven\repmaven\org\springframework\boot\spring-boot-test-autoconfigure\2.2.1.RELEASE\spring-boot-test-autoconfigure-2.2.1.RELEASE.jar;E:\maven\repmaven\com\jayway\jsonpath\json-path\2.4.0\json-path-2.4.0.jar;E:\maven\repmaven\net\minidev\json-smart\2.3\json-smart-2.3.jar;E:\maven\repmaven\net\minidev\accessors-smart\1.2\accessors-smart-1.2.jar;E:\maven\repmaven\jakarta\xml\bind\jakarta.xml.bind-api\2.3.2\jakarta.xml.bind-api-2.3.2.jar;E:\maven\repmaven\jakarta\activation\jakarta.activation-api\1.2.1\jakarta.activation-api-1.2.1.jar;E:\maven\repmaven\org\assertj\assertj-core\3.13.2\assertj-core-3.13.2.jar;E:\maven\repmaven\org\hamcrest\hamcrest\2.1\hamcrest-2.1.jar;E:\maven\repmaven\org\junit\jupiter\junit-jupiter\5.5.2\junit-jupiter-5.5.2.jar;E:\maven\repmaven\org\junit\jupiter\junit-jupiter-api\5.5.2\junit-jupiter-api-5.5.2.jar;E:\maven\repmaven\org\opentest4j\opentest4j\1.2.0\opentest4j-1.2.0.jar;E:\maven\repmaven\org\junit\platform\junit-platform-commons\1.5.2\junit-platform-commons-1.5.2.jar;E:\maven\repmaven\org\junit\jupiter\junit-jupiter-params\5.5.2\junit-jupiter-params-5.5.2.jar;E:\maven\repmaven\org\junit\jupiter\junit-jupiter-engine\5.5.2\junit-jupiter-engine-5.5.2.jar;E:\maven\repmaven\org\junit\vintage\junit-vintage-engine\5.5.2\junit-vintage-engine-5.5.2.jar;E:\maven\repmaven\org\apiguardian\apiguardian-api\1.1.0\apiguardian-api-1.1.0.jar;E:\maven\repmaven\org\junit\platform\junit-platform-engine\1.5.2\junit-platform-engine-1.5.2.jar;E:\maven\repmaven\org\mockito\mockito-core\3.1.0\mockito-core-3.1.0.jar;E:\maven\repmaven\net\bytebuddy\byte-buddy\1.10.2\byte-buddy-1.10.2.jar;E:\maven\repmaven\net\bytebuddy\byte-buddy-agent\1.10.2\byte-buddy-agent-1.10.2.jar;E:\maven\repmaven\org\objenesis\objenesis\2.6\objenesis-2.6.jar;E:\maven\repmaven\org\mockito\mockito-junit-jupiter\3.1.0\mockito-junit-jupiter-3.1.0.jar;E:\maven\repmaven\org\skyscreamer\jsonassert\1.5.0\jsonassert-1.5.0.jar;E:\maven\repmaven\com\vaadin\external\google\android-json\0.0.20131108.vaadin1\android-json-0.0.20131108.vaadin1.jar;E:\maven\repmaven\org\springframework\spring-core\5.2.1.RELEASE\spring-core-5.2.1.RELEASE.jar;E:\maven\repmaven\org\springframework\spring-jcl\5.2.1.RELEASE\spring-jcl-5.2.1.RELEASE.jar;E:\maven\repmaven\org\springframework\spring-test\5.2.1.RELEASE\spring-test-5.2.1.RELEASE.jar;E:\maven\repmaven\org\xmlunit\xmlunit-core\2.6.3\xmlunit-core-2.6.3.jar;"/>
    <property name="sun.cpu.endian" value="little"/>
    <property name="user.home" value="C:\Users\Administrator"/>
    <property name="user.language" value="zh"/>
    <property name="java.specification.vendor" value="Oracle Corporation"/>
    <property name="java.home" value="E:\jdk1.8\jre"/>
    <property name="basedir" value="E:\online-teaching\service\service-vod"/>
    <property name="file.separator" value="\"/>
    <property name="line.separator" value="&#10;"/>
    <property name="java.vm.specification.vendor" value="Oracle Corporation"/>
    <property name="java.specification.name" value="Java Platform API Specification"/>
    <property name="java.awt.graphicsenv" value="sun.awt.Win32GraphicsEnvironment"/>
    <property name="surefire.real.class.path" value="C:\Users\Administrator\AppData\Local\Temp\surefire3729193879989844089\surefirebooter4561637253036466885.jar"/>
    <property name="sun.boot.class.path" value="E:\jdk1.8\jre\lib\resources.jar;E:\jdk1.8\jre\lib\rt.jar;E:\jdk1.8\jre\lib\sunrsasign.jar;E:\jdk1.8\jre\lib\jsse.jar;E:\jdk1.8\jre\lib\jce.jar;E:\jdk1.8\jre\lib\charsets.jar;E:\jdk1.8\jre\lib\jfr.jar;E:\jdk1.8\jre\classes"/>
    <property name="user.script" value=""/>
    <property name="sun.management.compiler" value="HotSpot 64-Bit Tiered Compilers"/>
    <property name="java.runtime.version" value="1.8.0_202-b08"/>
    <property name="user.name" value="Administrator"/>
    <property name="path.separator" value=";"/>
    <property name="os.version" value="6.1"/>
    <property name="java.endorsed.dirs" value="E:\jdk1.8\jre\lib\endorsed"/>
    <property name="java.runtime.name" value="Java(TM) SE Runtime Environment"/>
    <property name="file.encoding" value="GBK"/>
    <property name="java.vm.name" value="Java HotSpot(TM) 64-Bit Server VM"/>
    <property name="idea.version2020.1" value="true"/>
    <property name="localRepository" value="E:\maven\repmaven"/>
    <property name="java.vendor.url.bug" value="http://bugreport.sun.com/bugreport/"/>
    <property name="java.io.tmpdir" value="C:\Users\Administrator\AppData\Local\Temp\"/>
    <property name="java.version" value="1.8.0_202"/>
    <property name="user.dir" value="E:\online-teaching\service\service-vod"/>
    <property name="os.arch" value="amd64"/>
    <property name="java.vm.specification.name" value="Java Virtual Machine Specification"/>
    <property name="java.awt.printerjob" value="sun.awt.windows.WPrinterJob"/>
    <property name="sun.os.patch.level" value="Service Pack 1"/>
    <property name="java.library.path" value="E:\jdk1.8\jre\bin;C:\windows\Sun\Java\bin;C:\windows\system32;C:\windows;C:\Program Files (x86)\Common Files\Oracle\Java\javapath;C:\windows\system32;C:\windows;C:\windows\System32\Wbem;C:\windows\System32\WindowsPowerShell\v1.0\;C:\Program Files (x86)\Microsoft SQL Server\100\Tools\Binn\;C:\Program Files\Microsoft SQL Server\100\Tools\Binn\;C:\Program Files\Microsoft SQL Server\100\DTS\Binn\;C:\windows\system32\config\systemprofile\.dnx\bin;C:\Program Files\Microsoft DNX\Dnvm\;C:\Program Files\Microsoft SQL Server\130\Tools\Binn\;C:\Program Files\Microsoft\Web Platform Installer\;C:\Program Files (x86)\Microsoft SQL Server\110\DTS\Binn\;C:\Program Files (x86)\Microsoft SQL Server\120\DTS\Binn\;C:\Program Files (x86)\Microsoft SQL Server\130\DTS\Binn\;C:\Program Files\Microsoft SQL Server\120\Tools\Binn\;C:\Program Files (x86)\Windows Kits\10\Windows Performance Toolkit\;E:\Program Files\PuTTY\; E:\webserver\Php\ext;C:\windows\System32\WindowsPowerShell\v1.0\;D:\laravel\Git\bin;D:\laravel\virtualbox;D:\HashiCorp\Vagrant\bin;D:\python;C:\windows\System32\WindowsPowerShell\v1.0\;C:\nodejs\;E:\activeMQ\apache-activemq-5.15.14\bin;E:\maven\apache-maven-3.3.9\bin;E:\tomcat\apache-tomcat-8.5.61\bin;E:\jdk1.8\bin;D:\Microsoft VS Code\bin;C:\Users\Administrator\AppData\Roaming\npm;E:\sql\MySQL\MySQL Server 8.0\bin;."/>
    <property name="java.vm.info" value="mixed mode"/>
    <property name="java.vendor" value="Oracle Corporation"/>
    <property name="java.vm.version" value="25.202-b08"/>
    <property name="java.ext.dirs" value="E:\jdk1.8\jre\lib\ext;C:\windows\Sun\Java\lib\ext"/>
    <property name="sun.io.unicode.encoding" value="UnicodeLittle"/>
    <property name="java.class.version" value="52.0"/>
  </properties>
  <testcase name="testPlayAuth" classname="com.phoenixhell.serviceVod.TestVod" time="9.777"/>
  <testcase name="testPlayInfo" classname="com.phoenixhell.serviceVod.TestVod" time="0.092"/>
  <testcase name="testUpload" classname="com.phoenixhell.serviceVod.TestVod" time="0.072"/>
</testsuite>